Error: Cannot create a string longer than 0x1fffffe8 characters
    at Buffer.toString (node:buffer:837:17)
    at VscodeEditor.getFileContent (/home/qasim/.antigravity/extensions/qiu8310.dot-template-vscode-0.4.0/out/adapter/VscodeEditor.js:187:38)
    at isFileEmpty (/home/qasim/.antigravity/extensions/qiu8310.dot-template-vscode-0.4.0/node_modules/dot-template-core/out/core/commands/Command.js:65:113)
    at /home/qasim/.antigravity/extensions/qiu8310.dot-template-vscode-0.4.0/node_modules/dot-template-core/out/core/commands/Command.js:72:80
    at Array.filter (<anonymous>)
    at CreateTemplateFilesCommand.Command.filter (/home/qasim/.antigravity/extensions/qiu8310.dot-template-vscode-0.4.0/node_modules/dot-template-core/out/core/commands/Command.js:70:14)
    at new CreateTemplateFilesCommand (/home/qasim/.antigravity/extensions/qiu8310.dot-template-vscode-0.4.0/node_modules/dot-template-core/out/core/commands/CreateTemplateFilesCommand.js:31:29)
    at /home/qasim/.antigravity/extensions/qiu8310.dot-template-vscode-0.4.0/node_modules/dot-template-core/out/core/Commander.js:160:80
    at Commander.<anonymous> (/home/qasim/.antigravity/extensions/qiu8310.dot-template-vscode-0.4.0/node_modules/dot-template-core/out/core/Commander.js:129:46)
    at step (/home/qasim/.antigravity/extensions/qiu8310.dot-template-vscode-0.4.0/node_modules/dot-template-core/node_modules/tslib/tslib.js:133:27)
    at Object.next (/home/qasim/.antigravity/extensions/qiu8310.dot-template-vscode-0.4.0/node_modules/dot-template-core/node_modules/tslib/tslib.js:114:57)
    at /home/qasim/.antigravity/extensions/qiu8310.dot-template-vscode-0.4.0/node_modules/dot-template-core/node_modules/tslib/tslib.js:107:75
    at new Promise (<anonymous>)
    at Object.__awaiter (/home/qasim/.antigravity/extensions/qiu8310.dot-template-vscode-0.4.0/node_modules/dot-template-core/node_modules/tslib/tslib.js:103:16)
    at Commander.wrap (/home/qasim/.antigravity/extensions/qiu8310.dot-template-vscode-0.4.0/node_modules/dot-template-core/out/core/Commander.js:123:24)
    at Commander.<anonymous> (/home/qasim/.antigravity/extensions/qiu8310.dot-template-vscode-0.4.0/node_modules/dot-template-core/out/core/Commander.js:160:44)
    at step (/home/qasim/.antigravity/extensions/qiu8310.dot-template-vscode-0.4.0/node_modules/dot-template-core/node_modules/tslib/tslib.js:133:27)
    at Object.next (/home/qasim/.antigravity/extensions/qiu8310.dot-template-vscode-0.4.0/node_modules/dot-template-core/node_modules/tslib/tslib.js:114:57)
    at /home/qasim/.antigravity/extensions/qiu8310.dot-template-vscode-0.4.0/node_modules/dot-template-core/node_modules/tslib/tslib.js:107:75
    at new Promise (<anonymous>)
    at Object.__awaiter (/home/qasim/.antigravity/extensions/qiu8310.dot-template-vscode-0.4.0/node_modules/dot-template-core/node_modules/tslib/tslib.js:103:16)
    at Commander.addCreateTemplateFilesCommand (/home/qasim/.antigravity/extensions/qiu8310.dot-template-vscode-0.4.0/node_modules/dot-template-core/out/core/Commander.js:157:24)
    at Application.<anonymous> (/home/qasim/.antigravity/extensions/qiu8310.dot-template-vscode-0.4.0/node_modules/dot-template-core/out/core/Application.js:49:61)
    at step (/home/qasim/.antigravity/extensions/qiu8310.dot-template-vscode-0.4.0/node_modules/dot-template-core/node_modules/tslib/tslib.js:133:27)
    at Object.next (/home/qasim/.antigravity/extensions/qiu8310.dot-template-vscode-0.4.0/node_modules/dot-template-core/node_modules/tslib/tslib.js:114:57)
    at /home/qasim/.antigravity/extensions/qiu8310.dot-template-vscode-0.4.0/node_modules/dot-template-core/node_modules/tslib/tslib.js:107:75
    at new Promise (<anonymous>)
    at Object.__awaiter (/home/qasim/.antigravity/extensions/qiu8310.dot-template-vscode-0.4.0/node_modules/dot-template-core/node_modules/tslib/tslib.js:103:16)
    at Application.createTemplateFiles (/home/qasim/.antigravity/extensions/qiu8310.dot-template-vscode-0.4.0/node_modules/dot-template-core/out/core/Application.js:47:28)
    at Application.<anonymous> (/home/qasim/.antigravity/extensions/qiu8310.dot-template-vscode-0.4.0/node_modules/dot-template-core/out/core/Application.js:109:51)
    at step (/home/qasim/.antigravity/extensions/qiu8310.dot-template-vscode-0.4.0/node_modules/dot-template-core/node_modules/tslib/tslib.js:133:27)
    at Object.next (/home/qasim/.antigravity/extensions/qiu8310.dot-template-vscode-0.4.0/node_modules/dot-template-core/node_modules/tslib/tslib.js:114:57)
    at /home/qasim/.antigravity/extensions/qiu8310.dot-template-vscode-0.4.0/node_modules/dot-template-core/node_modules/tslib/tslib.js:107:75
    at new Promise (<anonymous>)
    at Object.__awaiter (/home/qasim/.antigravity/extensions/qiu8310.dot-template-vscode-0.4.0/node_modules/dot-template-core/node_modules/tslib/tslib.js:103:16)
    at run (/home/qasim/.antigravity/extensions/qiu8310.dot-template-vscode-0.4.0/node_modules/dot-template-core/out/core/Application.js:84:48)
    at Application.<anonymous> (/home/qasim/.antigravity/extensions/qiu8310.dot-template-vscode-0.4.0/node_modules/dot-template-core/out/core/Application.js:153:50)
    at step (/home/qasim/.antigravity/extensions/qiu8310.dot-template-vscode-0.4.0/node_modules/dot-template-core/node_modules/tslib/tslib.js:133:27)
    at Object.next (/home/qasim/.antigravity/extensions/qiu8310.dot-template-vscode-0.4.0/node_modules/dot-template-core/node_modules/tslib/tslib.js:114:57)
    at /home/qasim/.antigravity/extensions/qiu8310.dot-template-vscode-0.4.0/node_modules/dot-template-core/node_modules/tslib/tslib.js:107:75
    at new Promise (<anonymous>)
    at Object.__awaiter (/home/qasim/.antigravity/extensions/qiu8310.dot-template-vscode-0.4.0/node_modules/dot-template-core/node_modules/tslib/tslib.js:103:16)
    at Timeout._onTimeout (/home/qasim/.antigravity/extensions/qiu8310.dot-template-vscode-0.4.0/node_modules/dot-template-core/out/core/Application.js:144:59)
    at listOnTimeout (node:internal/timers:588:17)
    at processTimers (node:internal/timers:523:7)